  [4;36;1mSQL (0.1ms)[0m   [0;1mSET client_min_messages TO 'panic'[0m
  [4;35;1mSQL (0.1ms)[0m   [0mSET client_min_messages TO 'notice'[0m
  [4;36;1mSQL (0.2ms)[0m   [0;1mSET search_path TO public[0m
  [4;35;1mSQL (2809.5ms)[0m   [0mCREATE DATABASE "railsblog_development" ENCODING = 'utf8'[0m


Processing HomeController#index (for 127.0.0.1 at 2010-07-15 23:51:02) [GET]
  [4;36;1mSQL (0.5ms)[0m   [0;1mSET client_min_messages TO 'panic'[0m
  [4;35;1mSQL (0.1ms)[0m   [0mSET client_min_messages TO 'notice'[0m
Rendering home/index
Completed in 4ms (View: 2, DB: 1) | 200 OK [http://localhost/home/index]


Processing HomeController#index (for 127.0.0.1 at 2010-07-15 23:56:17) [GET]
  [4;36;1mSQL (0.2ms)[0m   [0;1mSET client_min_messages TO 'panic'[0m
  [4;35;1mSQL (0.3ms)[0m   [0mSET client_min_messages TO 'notice'[0m
Rendering home/index
Completed in 5ms (View: 2, DB: 1) | 200 OK [http://localhost/]


Processing HomeController#index (for 127.0.0.1 at 2010-07-15 23:59:47) [GET]
  [4;36;1mSQL (0.3ms)[0m   [0;1mSET client_min_messages TO 'panic'[0m
  [4;35;1mSQL (0.2ms)[0m   [0mSET client_min_messages TO 'notice'[0m
Rendering home/index
Completed in 5ms (View: 2, DB: 0) | 200 OK [http://localhost/]


Processing HomeController#index (for 127.0.0.1 at 2010-07-15 23:59:52) [GET]
  [4;36;1mSQL (0.3ms)[0m   [0;1mSET client_min_messages TO 'panic'[0m
  [4;35;1mSQL (0.2ms)[0m   [0mSET client_min_messages TO 'notice'[0m
Rendering home/index
Completed in 6ms (View: 2, DB: 0) | 200 OK [http://localhost/home/index]
  [4;36;1mSQL (0.2ms)[0m   [0;1mSET client_min_messages TO 'panic'[0m
  [4;35;1mSQL (0.1ms)[0m   [0mSET client_min_messages TO 'notice'[0m
  [4;36;1mSQL (7.5ms)[0m   [0;1mCREATE TABLE "schema_migrations" ("version" character varying(255) NOT NULL) [0m
  [4;35;1mSQL (30.3ms)[0m   [0mCREATE UNIQUE INDEX "unique_schema_migrations" ON "schema_migrations" ("version")[0m
  [4;36;1mSQL (0.6ms)[0m   [0;1mSELECT version FROM schema_migrations[0m
Migrating to CreatePosts (20100715052739)
  [4;35;1mSQL (1.7ms)[0m   [0mBEGIN[0m
  [4;36;1mSQL (41.2ms)[0m   [0;1mCREATE TABLE "posts" ("id" serial primary key, "name" character varying(255), "title" character varying(255), "content" text, "created_at" timestamp, "updated_at" timestamp) [0m
  [4;35;1mSQL (1.0ms)[0m   [0mINSERT INTO schema_migrations (version) VALUES ('20100715052739')[0m
  [4;36;1mSQL (0.7ms)[0m   [0;1mCOMMIT[0m
  [4;35;1mSQL (0.6ms)[0m   [0mSELECT version FROM schema_migrations[0m


Processing HomeController#index (for 127.0.0.1 at 2010-07-16 00:04:01) [GET]
  [4;36;1mSQL (0.1ms)[0m   [0;1mSET client_min_messages TO 'panic'[0m
  [4;35;1mSQL (0.1ms)[0m   [0mSET client_min_messages TO 'notice'[0m
Rendering home/index
Completed in 3ms (View: 2, DB: 0) | 200 OK [http://localhost/]


Processing PostsController#index (for 127.0.0.1 at 2010-07-16 00:04:08) [GET]
  [4;36;1mSQL (0.1ms)[0m   [0;1mSET client_min_messages TO 'panic'[0m
  [4;35;1mSQL (0.1ms)[0m   [0mSET client_min_messages TO 'notice'[0m
  [4;36;1mPost Load (1.8ms)[0m   [0;1mSELECT * FROM "posts" [0m
Rendering template within layouts/posts
Rendering posts/index
Completed in 47ms (View: 12, DB: 2) | 200 OK [http://localhost/posts]


Processing PostsController#new (for 127.0.0.1 at 2010-07-16 00:04:23) [GET]
  [4;35;1mSQL (0.2ms)[0m   [0mSET client_min_messages TO 'panic'[0m
  [4;36;1mSQL (0.1ms)[0m   [0;1mSET client_min_messages TO 'notice'[0m
Rendering template within layouts/posts
Rendering posts/new
Completed in 27ms (View: 13, DB: 0) | 200 OK [http://localhost/posts/new]


Processing PostsController#create (for 127.0.0.1 at 2010-07-16 00:05:22) [POST]
  Parameters: {"commit"=>"Create", "post"=>{"name"=>"Test", "title"=>"Just a test", "content"=>"If this is an actual post, it might enlighten.\r\n"}, "authenticity_token"=>"514fd90f0d253a5383b267e6c202122efe2def4b"}
  [4;35;1mSQL (0.2ms)[0m   [0mSET client_min_messages TO 'panic'[0m
  [4;36;1mSQL (0.1ms)[0m   [0;1mSET client_min_messages TO 'notice'[0m
  [4;35;1mSQL (0.2ms)[0m   [0mBEGIN[0m
  [4;36;1mSQL (30.7ms)[0m   [0;1mINSERT INTO "posts" ("name", "created_at", "title", "updated_at", "content") VALUES(E'Test', '2010-07-16 05:05:22.941777', E'Just a test', '2010-07-16 05:05:22.941777', E'If this is an actual post, it might enlighten.
') RETURNING "id"[0m
  [4;35;1mSQL (0.6ms)[0m   [0mCOMMIT[0m
Redirected to #<Post:0x7f53415e72e8>
Completed in 51ms (DB: 32) | 302 Found [http://localhost/posts]


Processing PostsController#show (for 127.0.0.1 at 2010-07-16 00:05:23) [GET]
  Parameters: {"id"=>"1"}
  [4;36;1mSQL (0.2ms)[0m   [0;1mSET client_min_messages TO 'panic'[0m
  [4;35;1mSQL (0.1ms)[0m   [0mSET client_min_messages TO 'notice'[0m
  [4;36;1mPost Load (1.1ms)[0m   [0;1mSELECT * FROM "posts" WHERE ("posts"."id" = 1) [0m
Rendering template within layouts/posts
Rendering posts/show
Completed in 23ms (View: 9, DB: 1) | 200 OK [http://localhost/posts/1]


Processing PostsController#index (for 127.0.0.1 at 2010-07-16 00:05:27) [GET]
  [4;35;1mSQL (0.2ms)[0m   [0mSET client_min_messages TO 'panic'[0m
  [4;36;1mSQL (0.2ms)[0m   [0;1mSET client_min_messages TO 'notice'[0m
  [4;35;1mPost Load (1.9ms)[0m   [0mSELECT * FROM "posts" [0m
Rendering template within layouts/posts
Rendering posts/index
Completed in 24ms (View: 13, DB: 2) | 200 OK [http://localhost/posts]


Processing PostsController#show (for 127.0.0.1 at 2010-07-16 00:05:38) [GET]
  Parameters: {"id"=>"1"}
  [4;36;1mSQL (0.2ms)[0m   [0;1mSET client_min_messages TO 'panic'[0m
  [4;35;1mSQL (0.1ms)[0m   [0mSET client_min_messages TO 'notice'[0m
  [4;36;1mPost Load (1.1ms)[0m   [0;1mSELECT * FROM "posts" WHERE ("posts"."id" = 1) [0m
Rendering template within layouts/posts
Rendering posts/show
Completed in 20ms (View: 8, DB: 1) | 200 OK [http://localhost/posts/1]


Processing PostsController#edit (for 127.0.0.1 at 2010-07-16 00:05:42) [GET]
  Parameters: {"id"=>"1"}
  [4;35;1mSQL (0.2ms)[0m   [0mSET client_min_messages TO 'panic'[0m
  [4;36;1mSQL (0.1ms)[0m   [0;1mSET client_min_messages TO 'notice'[0m
  [4;35;1mPost Load (1.0ms)[0m   [0mSELECT * FROM "posts" WHERE ("posts"."id" = 1) [0m
Rendering template within layouts/posts
Rendering posts/edit
Completed in 44ms (View: 22, DB: 1) | 200 OK [http://localhost/posts/1/edit]


Processing PostsController#update (for 127.0.0.1 at 2010-07-16 00:05:55) [PUT]
  Parameters: {"commit"=>"Update", "post"=>{"name"=>"Test", "title"=>"Just a test", "content"=>"If this was an actual post, it might have enlightened.\r\n"}, "authenticity_token"=>"514fd90f0d253a5383b267e6c202122efe2def4b", "id"=>"1"}
  [4;36;1mSQL (0.3ms)[0m   [0;1mSET client_min_messages TO 'panic'[0m
  [4;35;1mSQL (0.2ms)[0m   [0mSET client_min_messages TO 'notice'[0m
  [4;36;1mPost Load (0.9ms)[0m   [0;1mSELECT * FROM "posts" WHERE ("posts"."id" = 1) [0m
  [4;35;1mSQL (0.4ms)[0m   [0mBEGIN[0m
  [4;36;1mPost Update (1.1ms)[0m   [0;1mUPDATE "posts" SET "updated_at" = '2010-07-16 05:05:55.684877', "content" = E'If this was an actual post, it might have enlightened.
' WHERE "id" = 1[0m
  [4;35;1mSQL (0.6ms)[0m   [0mCOMMIT[0m
Redirected to #<Post:0x7f5341611a48>
Completed in 17ms (DB: 3) | 302 Found [http://localhost/posts/1]


Processing PostsController#show (for 127.0.0.1 at 2010-07-16 00:05:55) [GET]
  Parameters: {"id"=>"1"}
  [4;36;1mSQL (0.2ms)[0m   [0;1mSET client_min_messages TO 'panic'[0m
  [4;35;1mSQL (0.1ms)[0m   [0mSET client_min_messages TO 'notice'[0m
  [4;36;1mPost Load (1.2ms)[0m   [0;1mSELECT * FROM "posts" WHERE ("posts"."id" = 1) [0m
Rendering template within layouts/posts
Rendering posts/show
Completed in 19ms (View: 6, DB: 1) | 200 OK [http://localhost/posts/1]


Processing PostsController#index (for 127.0.0.1 at 2010-07-16 00:05:58) [GET]
  [4;35;1mSQL (0.8ms)[0m   [0mSET client_min_messages TO 'panic'[0m
  [4;36;1mSQL (0.2ms)[0m   [0;1mSET client_min_messages TO 'notice'[0m
  [4;35;1mPost Load (1.2ms)[0m   [0mSELECT * FROM "posts" [0m
Rendering template within layouts/posts
Rendering posts/index
Completed in 26ms (View: 10, DB: 2) | 200 OK [http://localhost/posts]


Processing PostsController#new (for 127.0.0.1 at 2010-07-16 00:06:05) [GET]
  [4;36;1mSQL (0.2ms)[0m   [0;1mSET client_min_messages TO 'panic'[0m
  [4;35;1mSQL (0.1ms)[0m   [0mSET client_min_messages TO 'notice'[0m
Rendering template within layouts/posts
Rendering posts/new
Completed in 28ms (View: 12, DB: 0) | 200 OK [http://localhost/posts/new]


Processing PostsController#create (for 127.0.0.1 at 2010-07-16 00:06:25) [POST]
  Parameters: {"commit"=>"Create", "post"=>{"name"=>"Test 2", "title"=>"Another test", "content"=>"Betcha can't read just one.\r\n"}, "authenticity_token"=>"514fd90f0d253a5383b267e6c202122efe2def4b"}
  [4;36;1mSQL (0.3ms)[0m   [0;1mSET client_min_messages TO 'panic'[0m
  [4;35;1mSQL (0.2ms)[0m   [0mSET client_min_messages TO 'notice'[0m
  [4;36;1mSQL (0.2ms)[0m   [0;1mBEGIN[0m
  [4;35;1mSQL (1.0ms)[0m   [0mINSERT INTO "posts" ("name", "created_at", "title", "updated_at", "content") VALUES(E'Test 2', '2010-07-16 05:06:25.972229', E'Another test', '2010-07-16 05:06:25.972229', E'Betcha can''t read just one.
') RETURNING "id"[0m
  [4;36;1mSQL (3.7ms)[0m   [0;1mCOMMIT[0m
Redirected to #<Post:0x7f53416ffa40>
Completed in 25ms (DB: 5) | 302 Found [http://localhost/posts]


Processing PostsController#show (for 127.0.0.1 at 2010-07-16 00:06:26) [GET]
  Parameters: {"id"=>"2"}
  [4;35;1mSQL (0.2ms)[0m   [0mSET client_min_messages TO 'panic'[0m
  [4;36;1mSQL (0.1ms)[0m   [0;1mSET client_min_messages TO 'notice'[0m
  [4;35;1mPost Load (1.2ms)[0m   [0mSELECT * FROM "posts" WHERE ("posts"."id" = 2) [0m
Rendering template within layouts/posts
Rendering posts/show
Completed in 26ms (View: 13, DB: 1) | 200 OK [http://localhost/posts/2]


Processing PostsController#index (for 127.0.0.1 at 2010-07-16 00:06:28) [GET]
  [4;36;1mSQL (0.3ms)[0m   [0;1mSET client_min_messages TO 'panic'[0m
  [4;35;1mSQL (0.2ms)[0m   [0mSET client_min_messages TO 'notice'[0m
  [4;36;1mPost Load (1.4ms)[0m   [0;1mSELECT * FROM "posts" [0m
Rendering template within layouts/posts
Rendering posts/index
Completed in 25ms (View: 13, DB: 2) | 200 OK [http://localhost/posts]


Processing PostsController#index (for 127.0.0.1 at 2010-07-16 00:16:14) [GET]
  [4;35;1mSQL (0.5ms)[0m   [0mSET client_min_messages TO 'panic'[0m
  [4;36;1mSQL (0.2ms)[0m   [0;1mSET client_min_messages TO 'notice'[0m
  [4;35;1mPost Load (1.5ms)[0m   [0mSELECT * FROM "posts" [0m
Rendering template within layouts/posts
Rendering posts/index
Completed in 27ms (View: 16, DB: 2) | 200 OK [http://localhost/posts]


Processing PostsController#index (for 127.0.0.1 at 2010-07-16 00:16:23) [GET]
  [4;36;1mSQL (0.1ms)[0m   [0;1mSET client_min_messages TO 'panic'[0m
  [4;35;1mSQL (0.1ms)[0m   [0mSET client_min_messages TO 'notice'[0m
  [4;36;1mPost Load (1.4ms)[0m   [0;1mSELECT * FROM "posts" [0m
Rendering template within layouts/posts
Rendering posts/index
Completed in 32ms (View: 25, DB: 2) | 200 OK [http://localhost/posts]


Processing PostsController#show (for 127.0.0.1 at 2010-07-16 00:17:45) [GET]
  Parameters: {"id"=>"1"}
  [4;35;1mSQL (0.2ms)[0m   [0mSET client_min_messages TO 'panic'[0m
  [4;36;1mSQL (0.1ms)[0m   [0;1mSET client_min_messages TO 'notice'[0m
  [4;35;1mPost Load (1.6ms)[0m   [0mSELECT * FROM "posts" WHERE ("posts"."id" = 1) [0m
Rendering template within layouts/posts
Rendering posts/show
Completed in 15ms (View: 4, DB: 2) | 200 OK [http://localhost/posts/1]


Processing PostsController#show (for 127.0.0.1 at 2010-07-16 00:21:14) [GET]
  Parameters: {"id"=>"2"}
  [4;36;1mSQL (0.3ms)[0m   [0;1mSET client_min_messages TO 'panic'[0m
  [4;35;1mSQL (0.2ms)[0m   [0mSET client_min_messages TO 'notice'[0m
  [4;36;1mPost Load (0.9ms)[0m   [0;1mSELECT * FROM "posts" WHERE ("posts"."id" = 2) [0m
Rendering template within layouts/posts
Rendering posts/show
Completed in 21ms (View: 6, DB: 1) | 200 OK [http://localhost/posts/2]
